#
# A fatal error has been detected by the Java Runtime Environment:
#
#  SIGSEGV (0xb) at pc=0x00007fff36d5e924, pid=8303, tid=775
#
# JRE version: Java(TM) SE Runtime Environment (13.0+33) (build 13+33)
# Java VM: Java HotSpot(TM) 64-Bit Server VM (13+33, mixed mode, sharing, tiered, compressed oops, g1 gc, bsd-amd64)
# Problematic frame:
# C  [HIToolbox+0x27924]  THIThemeTextInfoFinder::GetOptions() const+0x8
#
# No core dump will be written. Core dumps have been disabled. To enable core dumping, try "ulimit -c unlimited" before starting Java again
#
# If you would like to submit a bug report, please visit:
#   http://bugreport.java.com/bugreport/crash.jsp
#

---------------  S U M M A R Y ------------

Command Line: -javaagent:/Applications/IntelliJ IDEA CE.app/Contents/lib/idea_rt.jar=50916:/Applications/IntelliJ IDEA CE.app/Contents/bin -Dfile.encoding=UTF-8 HelloWorld

Host: MacBookPro15,4 x86_64 1400 MHz, 8 cores, 8G, Darwin 19.4.0
Time: Thu May  7 18:05:37 2020 CEST elapsed time: 0 seconds (0d 0h 0m 0s)

---------------  T H R E A D  ---------------

Current thread is native thread

Stack: [0x00007ffee59a0000,0x00007ffee61a0000],  sp=0x00007ffee619a5c0,  free space=8169k
Native frames: (J=compiled Java code, A=aot compiled Java code, j=interpreted, Vv=VM code, C=native code)
C  [HIToolbox+0x27924]  THIThemeTextInfoFinder::GetOptions() const+0x8
C  [HIToolbox+0x2784e]  TCoreTextEngine::VerifyLayout(THIThemeTextInfo*, float, float, LayoutIntent)+0x34
C  [HIToolbox+0x2775b]  TCoreTextEngine::GetThemeTextDimensions(double, THIThemeTextInfo*, double*, double*, double*)+0x2b
C  [HIToolbox+0x26247]  DataEngine::GetTextDimensions(void const*, double, HIThemeTextInfo*, double*, double*, double*)+0x10f
C  [HIToolbox+0x26106]  HIThemeGetTextDimensions+0xbc
C  [HIToolbox+0x25a51]  HIMenuBarView::MeasureMenuTitle(MenuData*, unsigned char, float*, int)+0x1ab
C  [HIToolbox+0x257de]  HIMenuBarView::MeasureAppMenus()+0xe6
C  [HIToolbox+0x25367]  HIMenuBarView::EnsureBarLayout()+0x1a3
C  [HIToolbox+0x24c77]  HIMenuBarView::DrawOnce(CGRect, CGRect, bool, bool, CGContext*)+0x243
C  [HIToolbox+0x2494e]  HIMenuBarView::DrawSelf(short, __HIShape const*, CGContext*)+0x23a
C  [HIToolbox+0x243b6]  HIMenuBarView::DrawWithoutCustomization(short, __HIShape const*, CGContext*)+0x52
C  [HIToolbox+0x2434e]  HIMenuBarView::DrawingDelegateHandler(OpaqueEventHandlerCallRef*, OpaqueEventRef*, void*)+0x102
C  [HIToolbox+0x88ff]  DispatchEventToHandlers(EventTargetRec*, OpaqueEventRef*, HandlerCallRec*)+0x4e6
C  [HIToolbox+0x7d8d]  SendEventToEventTargetInternal(OpaqueEventRef*, OpaqueEventTargetRef*, HandlerCallRec*)+0x149
C  [HIToolbox+0x7c3d]  SendEventToEventTargetWithOptions+0x2d
C  [HIToolbox+0x23ecd]  HIView::SendDraw(short, OpaqueGrafPtr*, __HIShape const*, CGContext*)+0x145
C  [HIToolbox+0x23967]  HIView::RecursiveDrawComposited(__HIShape const*, __HIShape const*, unsigned int, HIView*, CGContext*, unsigned char, double)+0x23f
C  [HIToolbox+0x23b61]  HIView::RecursiveDrawComposited(__HIShape const*, __HIShape const*, unsigned int, HIView*, CGContext*, unsigned char, double)+0x439
C  [HIToolbox+0x23399]  HIView::DrawComposited(short, OpaqueGrafPtr*, __HIShape const*, unsigned int, HIView*, CGContext*)+0x32f
C  [HIToolbox+0x2305b]  HIView::Render(unsigned int, CGContext*)+0x33
C  [HIToolbox+0x3af2b]  FlushWindowObject(WindowData*, void**, unsigned char)+0x2ed
C  [HIToolbox+0x3a96b]  FlushAllBuffers(__CFRunLoopObserver*, unsigned long, void*)+0x132
C  [CoreFoundation+0x834f5]  __CFRUNLOOP_IS_CALLING_OUT_TO_AN_OBSERVER_CALLBACK_FUNCTION__+0x17
C  [CoreFoundation+0x83427]  __CFRunLoopDoObservers+0x1c9
C  [CoreFoundation+0x82aec]  __CFRunLoopRun+0x491
C  [CoreFoundation+0x81ffe]  CFRunLoopRunSpecific+0x1ce
C  [libjli.dylib+0x6619]  CreateExecutionEnvironment+0x18f
C  [libjli.dylib+0x275e]  JLI_Launch+0x54a
C  [java+0xcad]  main+0x16f
C  [libdyld.dylib+0x1acc9]  start+0x1


siginfo: si_signo: 11 (SIGSEGV), si_code: 1 (SEGV_MAPERR), si_addr: 0x0000000000000012

Register to memory mapping:

RAX=0x0 is NULL
RBX=
[error occurred during error reporting (printing register info), id 0xb, SIGSEGV (0xb) at pc=0x000000010b337392]

Registers:
RAX=0x0000000000000000, RBX=0x00007fb946795a70, RCX=0x00007ffee619a6e8, RDX=0x0000000000000000
RSP=0x00007ffee619a5c0, RBP=0x00007ffee619a5c0, RSI=0x00007fb946674e80, RDI=0x00007fb946674e80
R8 =0x00007ffee619a6f0, R9 =0x0000000000000005, R10=0x00007fb946700000, R11=0x0000000000000000
R12=0x0000000000000000, R13=0x00007ffee619a6e8, R14=0x00007fb946674e80, R15=0x00007ffee619a6e0
RIP=0x00007fff36d5e924, EFLAGS=0x0000000000010202, ERR=0x0000000000000004
  TRAPNO=0x000000000000000e

Top of Stack: (sp=0x00007ffee619a5c0)
0x00007ffee619a5c0:   00007ffee619a600 00007fff36d5e84e
0x00007ffee619a5d0:   7f7fffff00000000 00007fb946674e80
0x00007ffee619a5e0:   00007ffee619a6f0 00007ffee619a6e8
0x00007ffee619a5f0:   00007fb946795a70 00007ffee619a6e0
0x00007ffee619a600:   00007ffee619a640 00007fff36d5e75b
0x00007ffee619a610:   00007fff8f985850 00007fb946795a70
0x00007ffee619a620:   00007ffee619a658 00007fb946772480
0x00007ffee619a630:   00007fb946674e80 0000000000000064
0x00007ffee619a640:   00007ffee619a6d0 00007fff36d5d247
0x00007ffee619a650:   0000000000000006 0000000000000000
0x00007ffee619a660:   00007ffe00000001 00007fff3818f98a
0x00007ffee619a670:   0000000000000006 0000000000000000
0x00007ffee619a680:   00007fb946663bc0 47efffffe0000000
0x00007ffee619a690:   00007ffee619a6f0 00007ffee619a6e8
0x00007ffee619a6a0:   00007ffee619a6e0 0000000000000000
0x00007ffee619a6b0:   00007fb946779330 000000011885b798
0x00007ffee619a6c0:   0000000000000000 00007ffee619a770
0x00007ffee619a6d0:   00007ffee619a710 00007fff36d5d106
0x00007ffee619a6e0:   00007fb946663bc0 00007fb94677d790
0x00007ffee619a6f0:   00007fb946779330 00007fb946772480
0x00007ffee619a700:   00007ffee619a728 0000000000000002
0x00007ffee619a710:   00007ffee619a7a0 00007fff36d5ca51
0x00007ffee619a720:   0002000000000002 0000000100000000
0x00007ffee619a730:   0000000000000064 0002010200000000
0x00007ffee619a740:   0000000000010000 0000000000000000
0x00007ffee619a750:   0000000000000000 00007fb948852040
0x00007ffee619a760:   000000011885b798 0000000100000000
0x00007ffee619a770:   0000000000000000 0000000000000002
0x00007ffee619a780:   00007fb94677d790 0000000000000000
0x00007ffee619a790:   0000000000000000 00007fb948852040
0x00007ffee619a7a0:   00007ffee619a7e0 00007fff36d5c7de
0x00007ffee619a7b0:   00007ffee619a7e0 42b6000042380000 

Instructions: (pc=0x00007fff36d5e924)
0x00007fff36d5e824:   41 54 53 50 41 89 d4 f3 0f 11 4d d0 49 89 f6 48
0x00007fff36d5e834:   89 fb 0f 57 c9 0f 2e c1 75 02 7b 28 f3 0f 11 45
0x00007fff36d5e844:   d4 49 8b 06 4c 89 f7 ff 50 48 0f ba e0 13 73 0f
0x00007fff36d5e854:   f3 0f 10 45 d4 f3 0f 58 05 73 1a 28 00 eb 05 f3
0x00007fff36d5e864:   0f 10 45 d4 f3 0f 11 45 d4 0f b6 53 30 48 89 df
0x00007fff36d5e874:   4c 89 f6 e8 b0 00 00 00 41 89 c7 4c 8d 6b 50 4c
0x00007fff36d5e884:   89 ef e8 69 f1 ff ff 84 c0 74 20 48 89 df 44 89
0x00007fff36d5e894:   fe 4c 89 f2 f3 0f 10 45 d4 f3 0f 10 4d d0 44 89
0x00007fff36d5e8a4:   e1 e8 6e 42 00 00 83 f8 01 75 5b 4c 89 ef e8 3d
0x00007fff36d5e8b4:   f1 ff ff 84 c0 74 13 48 8d 7b 38 e8 62 44 05 00
0x00007fff36d5e8c4:   4c 89 ef 31 f6 e8 7e 04 00 00 0f 57 c9 f3 0f 10
0x00007fff36d5e8d4:   45 d4 0f 2e c1 75 0e 7a 0c 8a 43 30 84 c0 74 05
0x00007fff36d5e8e4:   e8 1b 52 27 00 48 89 df 4c 89 f6 f3 0f 10 4d d0
0x00007fff36d5e8f4:   44 89 fa 48 83 c4 08 5b 41 5c 41 5d 41 5e 41 5f
0x00007fff36d5e904:   5d e9 a8 00 00 00 31 c0 48 83 c4 08 5b 41 5c 41
0x00007fff36d5e914:   5d 41 5e 41 5f 5d c3 90 55 48 89 e5 48 8b 47 08
0x00007fff36d5e924:   8b 40 12 5d c3 90 90 90 55 48 89 e5 41 56 53 41
0x00007fff36d5e934:   89 d6 0f 57 c9 0f 2e c1 75 02 7b 3a 48 89 f3 48
0x00007fff36d5e944:   8b 06 48 89 f7 ff 50 48 a8 01 75 2a 48 8b 03 48
0x00007fff36d5e954:   89 df ff 50 50 85 c0 74 28 48 8b 03 48 89 df ff
0x00007fff36d5e964:   50 58 31 c9 83 f8 01 0f 95 c1 85 c0 b8 02 00 00
0x00007fff36d5e974:   00 0f 45 c1 eb 06 41 0f b6 c6 01 c0 5b 41 5e 5d
0x00007fff36d5e984:   c3 b8 02 00 00 00 eb f4 55 48 89 e5 48 8b 47 08
0x00007fff36d5e994:   8b 40 16 5d c3 90 55 48 89 e5 48 8b 47 08 8b 40
0x00007fff36d5e9a4:   1a 5d c3 90 90 90 90 90 90 90 90 90 90 90 55 48
0x00007fff36d5e9b4:   89 e5 41 57 41 56 41 54 53 48 83 ec 10 49 89 f6
0x00007fff36d5e9c4:   49 89 fc 83 fa 02 f3 0f 11 45 dc 74 1e 83 fa 01
0x00007fff36d5e9d4:   74 26 45 31 ff 85 d2 75 2d 4c 89 e7 4c 89 f6 f3
0x00007fff36d5e9e4:   0f 10 45 dc e8 57 00 00 00 eb 18 4c 89 e7 4c 89
0x00007fff36d5e9f4:   f6 e8 78 4f 0a 00 eb 0b 4c 89 e7 4c 89 f6 e8 db
0x00007fff36d5ea04:   4c 0a 00 41 89 c7 49 8d 5c 24 50 48 89 df be 01
0x00007fff36d5ea14:   00 00 00 e8 0a 03 00 00 48 89 df 4c 89 f6 e8 25 


Stack slot to memory mapping:
stack at sp + 0 slots: 
[error occurred during error reporting (inspecting top of stack), id 0xb, SIGSEGV (0xb) at pc=0x000000010b337392]


---------------  P R O C E S S  ---------------

VM state:not at safepoint (normal execution)

VM Mutex/Monitor currently owned by a thread: None

Heap address: 0x0000000780000000, size: 2048 MB, Compressed Oops mode: Zero based, Oop shift amount: 3
Narrow klass base: 0x0000000800000000, Narrow klass shift: 3
Compressed class space size: 1073741824 Address: 0x0000000800ae9000

Heap:
 garbage-first heap   total 133120K, used 10964K [0x0000000780000000, 0x0000000800000000)
  region size 1024K, 11 young (11264K), 2 survivors (2048K)
 Metaspace       used 2953K, capacity 5701K, committed 6016K, reserved 1056768K
  class space    used 242K, capacity 521K, committed 640K, reserved 1048576K
Heap Regions: E=young(eden), S=young(survivor), O=old, HS=humongous(starts), HC=humongous(continues), CS=collection set, F=free, A=archive, TAMS=top-at-mark-start (previous, next)
|   0|0x0000000780000000, 0x0000000780000000, 0x0000000780100000|  0%| F|  |TAMS 0x0000000780000000, 0x0000000780000000| Untracked 
|   1|0x0000000780100000, 0x0000000780100000, 0x0000000780200000|  0%| F|  |TAMS 0x0000000780100000, 0x0000000780100000| Untracked 
|   2|0x0000000780200000, 0x0000000780200000, 0x0000000780300000|  0%| F|  |TAMS 0x0000000780200000, 0x0000000780200000| Untracked 
|   3|0x0000000780300000, 0x0000000780300000, 0x0000000780400000|  0%| F|  |TAMS 0x0000000780300000, 0x0000000780300000| Untracked 
|   4|0x0000000780400000, 0x0000000780400000, 0x0000000780500000|  0%| F|  |TAMS 0x0000000780400000, 0x0000000780400000| Untracked 
|   5|0x0000000780500000, 0x0000000780500000, 0x0000000780600000|  0%| F|  |TAMS 0x0000000780500000, 0x0000000780500000| Untracked 
|   6|0x0000000780600000, 0x0000000780600000, 0x0000000780700000|  0%| F|  |TAMS 0x0000000780600000, 0x0000000780600000| Untracked 
|   7|0x0000000780700000, 0x0000000780700000, 0x0000000780800000|  0%| F|  |TAMS 0x0000000780700000, 0x0000000780700000| Untracked 
|   8|0x0000000780800000, 0x0000000780800000, 0x0000000780900000|  0%| F|  |TAMS 0x0000000780800000, 0x0000000780800000| Untracked 
|   9|0x0000000780900000, 0x0000000780900000, 0x0000000780a00000|  0%| F|  |TAMS 0x0000000780900000, 0x0000000780900000| Untracked 
|  10|0x0000000780a00000, 0x0000000780a00000, 0x0000000780b00000|  0%| F|  |TAMS 0x0000000780a00000, 0x0000000780a00000| Untracked 
|  11|0x0000000780b00000, 0x0000000780b00000, 0x0000000780c00000|  0%| F|  |TAMS 0x0000000780b00000, 0x0000000780b00000| Untracked 
|  12|0x0000000780c00000, 0x0000000780c00000, 0x0000000780d00000|  0%| F|  |TAMS 0x0000000780c00000, 0x0000000780c00000| Untracked 
|  13|0x0000000780d00000, 0x0000000780d00000, 0x0000000780e00000|  0%| F|  |TAMS 0x0000000780d00000, 0x0000000780d00000| Untracked 
|  14|0x0000000780e00000, 0x0000000780e00000, 0x0000000780f00000|  0%| F|  |TAMS 0x0000000780e00000, 0x0000000780e00000| Untracked 
|  15|0x0000000780f00000, 0x0000000780f00000, 0x0000000781000000|  0%| F|  |TAMS 0x0000000780f00000, 0x0000000780f00000| Untracked 
|  16|0x0000000781000000, 0x0000000781000000, 0x0000000781100000|  0%| F|  |TAMS 0x0000000781000000, 0x0000000781000000| Untracked 
|  17|0x0000000781100000, 0x0000000781100000, 0x0000000781200000|  0%| F|  |TAMS 0x0000000781100000, 0x0000000781100000| Untracked 
|  18|0x0000000781200000, 0x0000000781200000, 0x0000000781300000|  0%| F|  |TAMS 0x0000000781200000, 0x0000000781200000| Untracked 
|  19|0x0000000781300000, 0x0000000781300000, 0x0000000781400000|  0%| F|  |TAMS 0x0000000781300000, 0x0000000781300000| Untracked 
|  20|0x0000000781400000, 0x0000000781400000, 0x0000000781500000|  0%| F|  |TAMS 0x0000000781400000, 0x0000000781400000| Untracked 
|  21|0x0000000781500000, 0x0000000781500000, 0x0000000781600000|  0%| F|  |TAMS 0x0000000781500000, 0x0000000781500000| Untracked 
|  22|0x0000000781600000, 0x0000000781600000, 0x0000000781700000|  0%| F|  |TAMS 0x0000000781600000, 0x0000000781600000| Untracked 
|  23|0x0000000781700000, 0x0000000781700000, 0x0000000781800000|  0%| F|  |TAMS 0x0000000781700000, 0x0000000781700000| Untracked 
|  24|0x0000000781800000, 0x0000000781800000, 0x0000000781900000|  0%| F|  |TAMS 0x0000000781800000, 0x0000000781800000| Untracked 
|  25|0x0000000781900000, 0x0000000781900000, 0x0000000781a00000|  0%| F|  |TAMS 0x0000000781900000, 0x0000000781900000| Untracked 
|  26|0x0000000781a00000, 0x0000000781a00000, 0x0000000781b00000|  0%| F|  |TAMS 0x0000000781a00000, 0x0000000781a00000| Untracked 
|  27|0x0000000781b00000, 0x0000000781b00000, 0x0000000781c00000|  0%| F|  |TAMS 0x0000000781b00000, 0x0000000781b00000| Untracked 
|  28|0x0000000781c00000, 0x0000000781c00000, 0x0000000781d00000|  0%| F|  |TAMS 0x0000000781c00000, 0x0000000781c00000| Untracked 
|  29|0x0000000781d00000, 0x0000000781d00000, 0x0000000781e00000|  0%| F|  |TAMS 0x0000000781d00000, 0x0000000781d00000| Untracked 
|  30|0x0000000781e00000, 0x0000000781e00000, 0x0000000781f00000|  0%| F|  |TAMS 0x0000000781e00000, 0x0000000781e00000| Untracked 
|  31|0x0000000781f00000, 0x0000000781f00000, 0x0000000782000000|  0%| F|  |TAMS 0x0000000781f00000, 0x0000000781f00000| Untracked 
|  32|0x0000000782000000, 0x0000000782000000, 0x0000000782100000|  0%| F|  |TAMS 0x0000000782000000, 0x0000000782000000| Untracked 
|  33|0x0000000782100000, 0x0000000782100000, 0x0000000782200000|  0%| F|  |TAMS 0x0000000782100000, 0x0000000782100000| Untracked 
|  34|0x0000000782200000, 0x0000000782200000, 0x0000000782300000|  0%| F|  |TAMS 0x0000000782200000, 0x0000000782200000| Untracked 
|  35|0x0000000782300000, 0x0000000782300000, 0x0000000782400000|  0%| F|  |TAMS 0x0000000782300000, 0x0000000782300000| Untracked 
|  36|0x0000000782400000, 0x0000000782400000, 0x0000000782500000|  0%| F|  |TAMS 0x0000000782400000, 0x0000000782400000| Untracked 
|  37|0x0000000782500000, 0x0000000782500000, 0x0000000782600000|  0%| F|  |TAMS 0x0000000782500000, 0x0000000782500000| Untracked 
|  38|0x0000000782600000, 0x0000000782600000, 0x0000000782700000|  0%| F|  |TAMS 0x0000000782600000, 0x0000000782600000| Untracked 
|  39|0x0000000782700000, 0x0000000782700000, 0x0000000782800000|  0%| F|  |TAMS 0x0000000782700000, 0x0000000782700000| Untracked 
|  40|0x0000000782800000, 0x0000000782800000, 0x0000000782900000|  0%| F|  |TAMS 0x0000000782800000, 0x0000000782800000| Untracked 
|  41|0x0000000782900000, 0x0000000782900000, 0x0000000782a00000|  0%| F|  |TAMS 0x0000000782900000, 0x0000000782900000| Untracked 
|  42|0x0000000782a00000, 0x0000000782a00000, 0x0000000782b00000|  0%| F|  |TAMS 0x0000000782a00000, 0x0000000782a00000| Untracked 
|  43|0x0000000782b00000, 0x0000000782b00000, 0x0000000782c00000|  0%| F|  |TAMS 0x0000000782b00000, 0x0000000782b00000| Untracked 
|  44|0x0000000782c00000, 0x0000000782c00000, 0x0000000782d00000|  0%| F|  |TAMS 0x0000000782c00000, 0x0000000782c00000| Untracked 
|  45|0x0000000782d00000, 0x0000000782d00000, 0x0000000782e00000|  0%| F|  |TAMS 0x0000000782d00000, 0x0000000782d00000| Untracked 
|  46|0x0000000782e00000, 0x0000000782e00000, 0x0000000782f00000|  0%| F|  |TAMS 0x0000000782e00000, 0x0000000782e00000| Untracked 
|  47|0x0000000782f00000, 0x0000000782f00000, 0x0000000783000000|  0%| F|  |TAMS 0x0000000782f00000, 0x0000000782f00000| Untracked 
|  48|0x0000000783000000, 0x0000000783000000, 0x0000000783100000|  0%| F|  |TAMS 0x0000000783000000, 0x0000000783000000| Untracked 
|  49|0x0000000783100000, 0x0000000783100000, 0x0000000783200000|  0%| F|  |TAMS 0x0000000783100000, 0x0000000783100000| Untracked 
|  50|0x0000000783200000, 0x0000000783200000, 0x0000000783300000|  0%| F|  |TAMS 0x0000000783200000, 0x0000000783200000| Untracked 
|  51|0x0000000783300000, 0x0000000783300000, 0x0000000783400000|  0%| F|  |TAMS 0x0000000783300000, 0x0000000783300000| Untracked 
|  52|0x0000000783400000, 0x0000000783400000, 0x0000000783500000|  0%| F|  |TAMS 0x0000000783400000, 0x0000000783400000| Untracked 
|  53|0x0000000783500000, 0x0000000783500000, 0x0000000783600000|  0%| F|  |TAMS 0x0000000783500000, 0x0000000783500000| Untracked 
|  54|0x0000000783600000, 0x0000000783600000, 0x0000000783700000|  0%| F|  |TAMS 0x0000000783600000, 0x0000000783600000| Untracked 
|  55|0x0000000783700000, 0x0000000783700000, 0x0000000783800000|  0%| F|  |TAMS 0x0000000783700000, 0x0000000783700000| Untracked 
|  56|0x0000000783800000, 0x0000000783800000, 0x0000000783900000|  0%| F|  |TAMS 0x0000000783800000, 0x0000000783800000| Untracked 
|  57|0x0000000783900000, 0x0000000783900000, 0x0000000783a00000|  0%| F|  |TAMS 0x0000000783900000, 0x0000000783900000| Untracked 
|  58|0x0000000783a00000, 0x0000000783a00000, 0x0000000783b00000|  0%| F|  |TAMS 0x0000000783a00000, 0x0000000783a00000| Untracked 
|  59|0x0000000783b00000, 0x0000000783b00000, 0x0000000783c00000|  0%| F|  |TAMS 0x0000000783b00000, 0x0000000783b00000| Untracked 
|  60|0x0000000783c00000, 0x0000000783c00000, 0x0000000783d00000|  0%| F|  |TAMS 0x0000000783c00000, 0x0000000783c00000| Untracked 
|  61|0x0000000783d00000, 0x0000000783d00000, 0x0000000783e00000|  0%| F|  |TAMS 0x0000000783d00000, 0x0000000783d00000| Untracked 
|  62|0x0000000783e00000, 0x0000000783e00000, 0x0000000783f00000|  0%| F|  |TAMS 0x0000000783e00000, 0x0000000783e00000| Untracked 
|  63|0x0000000783f00000, 0x0000000783f00000, 0x0000000784000000|  0%| F|  |TAMS 0x0000000783f00000, 0x0000000783f00000| Untracked 
|  64|0x0000000784000000, 0x0000000784000000, 0x0000000784100000|  0%| F|  |TAMS 0x0000000784000000, 0x0000000784000000| Untracked 
|  65|0x0000000784100000, 0x0000000784100000, 0x0000000784200000|  0%| F|  |TAMS 0x0000000784100000, 0x0000000784100000| Untracked 
|  66|0x0000000784200000, 0x0000000784200000, 0x0000000784300000|  0%| F|  |TAMS 0x0000000784200000, 0x0000000784200000| Untracked 
|  67|0x0000000784300000, 0x0000000784300000, 0x0000000784400000|  0%| F|  |TAMS 0x0000000784300000, 0x0000000784300000| Untracked 
|  68|0x0000000784400000, 0x0000000784400000, 0x0000000784500000|  0%| F|  |TAMS 0x0000000784400000, 0x0000000784400000| Untracked 
|  69|0x0000000784500000, 0x0000000784500000, 0x0000000784600000|  0%| F|  |TAMS 0x0000000784500000, 0x0000000784500000| Untracked 
|  70|0x0000000784600000, 0x0000000784600000, 0x0000000784700000|  0%| F|  |TAMS 0x0000000784600000, 0x0000000784600000| Untracked 
|  71|0x0000000784700000, 0x0000000784700000, 0x0000000784800000|  0%| F|  |TAMS 0x0000000784700000, 0x0000000784700000| Untracked 
|  72|0x0000000784800000, 0x0000000784800000, 0x0000000784900000|  0%| F|  |TAMS 0x0000000784800000, 0x0000000784800000| Untracked 
|  73|0x0000000784900000, 0x0000000784900000, 0x0000000784a00000|  0%| F|  |TAMS 0x0000000784900000, 0x0000000784900000| Untracked 
|  74|0x0000000784a00000, 0x0000000784a00000, 0x0000000784b00000|  0%| F|  |TAMS 0x0000000784a00000, 0x0000000784a00000| Untracked 
|  75|0x0000000784b00000, 0x0000000784b00000, 0x0000000784c00000|  0%| F|  |TAMS 0x0000000784b00000, 0x0000000784b00000| Untracked 
|  76|0x0000000784c00000, 0x0000000784c00000, 0x0000000784d00000|  0%| F|  |TAMS 0x0000000784c00000, 0x0000000784c00000| Untracked 
|  77|0x0000000784d00000, 0x0000000784d00000, 0x0000000784e00000|  0%| F|  |TAMS 0x0000000784d00000, 0x0000000784d00000| Untracked 
|  78|0x0000000784e00000, 0x0000000784e00000, 0x0000000784f00000|  0%| F|  |TAMS 0x0000000784e00000, 0x0000000784e00000| Untracked 
|  79|0x0000000784f00000, 0x0000000784f00000, 0x0000000785000000|  0%| F|  |TAMS 0x0000000784f00000, 0x0000000784f00000| Untracked 
|  80|0x0000000785000000, 0x0000000785000000, 0x0000000785100000|  0%| F|  |TAMS 0x0000000785000000, 0x0000000785000000| Untracked 
|  81|0x0000000785100000, 0x0000000785100000, 0x0000000785200000|  0%| F|  |TAMS 0x0000000785100000, 0x0000000785100000| Untracked 
|  82|0x0000000785200000, 0x0000000785200000, 0x0000000785300000|  0%| F|  |TAMS 0x0000000785200000, 0x0000000785200000| Untracked 
|  83|0x0000000785300000, 0x0000000785300000, 0x0000000785400000|  0%| F|  |TAMS 0x0000000785300000, 0x0000000785300000| Untracked 
|  84|0x0000000785400000, 0x0000000785400000, 0x0000000785500000|  0%| F|  |TAMS 0x0000000785400000, 0x0000000785400000| Untracked 
|  85|0x0000000785500000, 0x0000000785500000, 0x0000000785600000|  0%| F|  |TAMS 0x0000000785500000, 0x0000000785500000| Untracked 
|  86|0x0000000785600000, 0x0000000785600000, 0x0000000785700000|  0%| F|  |TAMS 0x0000000785600000, 0x0000000785600000| Untracked 
|  87|0x0000000785700000, 0x0000000785700000, 0x0000000785800000|  0%| F|  |TAMS 0x0000000785700000, 0x0000000785700000| Untracked 
|  88|0x0000000785800000, 0x0000000785800000, 0x0000000785900000|  0%| F|  |TAMS 0x0000000785800000, 0x0000000785800000| Untracked 
|  89|0x0000000785900000, 0x0000000785900000, 0x0000000785a00000|  0%| F|  |TAMS 0x0000000785900000, 0x0000000785900000| Untracked 
|  90|0x0000000785a00000, 0x0000000785a00000, 0x0000000785b00000|  0%| F|  |TAMS 0x0000000785a00000, 0x0000000785a00000| Untracked 
|  91|0x0000000785b00000, 0x0000000785b00000, 0x0000000785c00000|  0%| F|  |TAMS 0x0000000785b00000, 0x0000000785b00000| Untracked 
|  92|0x0000000785c00000, 0x0000000785c00000, 0x0000000785d00000|  0%| F|  |TAMS 0x0000000785c00000, 0x0000000785c00000| Untracked 
|  93|0x0000000785d00000, 0x0000000785d00000, 0x0000000785e00000|  0%| F|  |TAMS 0x0000000785d00000, 0x0000000785d00000| Untracked 
|  94|0x0000000785e00000, 0x0000000785e00000, 0x0000000785f00000|  0%| F|  |TAMS 0x0000000785e00000, 0x0000000785e00000| Untracked 
|  95|0x0000000785f00000, 0x0000000785f00000, 0x0000000786000000|  0%| F|  |TAMS 0x0000000785f00000, 0x0000000785f00000| Untracked 
|  96|0x0000000786000000, 0x0000000786000000, 0x0000000786100000|  0%| F|  |TAMS 0x0000000786000000, 0x0000000786000000| Untracked 
|  97|0x0000000786100000, 0x0000000786100000, 0x0000000786200000|  0%| F|  |TAMS 0x0000000786100000, 0x0000000786100000| Untracked 
|  98|0x0000000786200000, 0x0000000786200000, 0x0000000786300000|  0%| F|  |TAMS 0x0000000786200000, 0x0000000786200000| Untracked 
|  99|0x0000000786300000, 0x0000000786300000, 0x0000000786400000|  0%| F|  |TAMS 0x0000000786300000, 0x0000000786300000| Untracked 
| 100|0x0000000786400000, 0x0000000786400000, 0x0000000786500000|  0%| F|  |TAMS 0x0000000786400000, 0x0000000786400000| Untracked 
| 101|0x0000000786500000, 0x0000000786500000, 0x0000000786600000|  0%| F|  |TAMS 0x0000000786500000, 0x0000000786500000| Untracked 
| 102|0x0000000786600000, 0x00000007866f7130, 0x0000000786700000| 96%| S|CS|TAMS 0x0000000786600000, 0x0000000786600000| Complete 
| 103|0x0000000786700000, 0x0000000786800000, 0x0000000786800000|100%| S|CS|TAMS 0x0000000786700000, 0x0000000786700000| Complete 
| 104|0x0000000786800000, 0x0000000786800000, 0x0000000786900000|  0%| F|  |TAMS 0x0000000786800000, 0x0000000786800000| Untracked 
| 105|0x0000000786900000, 0x0000000786900000, 0x0000000786a00000|  0%| F|  |TAMS 0x0000000786900000, 0x0000000786900000| Untracked 
| 106|0x0000000786a00000, 0x0000000786a00000, 0x0000000786b00000|  0%| F|  |TAMS 0x0000000786a00000, 0x0000000786a00000| Untracked 
| 107|0x0000000786b00000, 0x0000000786b00000, 0x0000000786c00000|  0%| F|  |TAMS 0x0000000786b00000, 0x0000000786b00000| Untracked 
| 108|0x0000000786c00000, 0x0000000786c00000, 0x0000000786d00000|  0%| F|  |TAMS 0x0000000786c00000, 0x0000000786c00000| Untracked 
| 109|0x0000000786d00000, 0x0000000786d00000, 0x0000000786e00000|  0%| F|  |TAMS 0x0000000786d00000, 0x0000000786d00000| Untracked 
| 110|0x0000000786e00000, 0x0000000786e00000, 0x0000000786f00000|  0%| F|  |TAMS 0x0000000786e00000, 0x0000000786e00000| Untracked 
| 111|0x0000000786f00000, 0x0000000786f00000, 0x0000000787000000|  0%| F|  |TAMS 0x0000000786f00000, 0x0000000786f00000| Untracked 
| 112|0x0000000787000000, 0x0000000787000000, 0x0000000787100000|  0%| F|  |TAMS 0x0000000787000000, 0x0000000787000000| Untracked 
| 113|0x0000000787100000, 0x0000000787100000, 0x0000000787200000|  0%| F|  |TAMS 0x0000000787100000, 0x0000000787100000| Untracked 
| 114|0x0000000787200000, 0x0000000787200000, 0x0000000787300000|  0%| F|  |TAMS 0x0000000787200000, 0x0000000787200000| Untracked 
| 115|0x0000000787300000, 0x0000000787300000, 0x0000000787400000|  0%| F|  |TAMS 0x0000000787300000, 0x0000000787300000| Untracked 
| 116|0x0000000787400000, 0x0000000787400000, 0x0000000787500000|  0%| F|  |TAMS 0x0000000787400000, 0x0000000787400000| Untracked 
| 117|0x0000000787500000, 0x0000000787500000, 0x0000000787600000|  0%| F|  |TAMS 0x0000000787500000, 0x0000000787500000| Untracked 
| 118|0x0000000787600000, 0x0000000787600000, 0x0000000787700000|  0%| F|  |TAMS 0x0000000787600000, 0x0000000787600000| Untracked 
| 119|0x0000000787700000, 0x0000000787800000, 0x0000000787800000|100%| E|  |TAMS 0x0000000787700000, 0x0000000787700000| Complete 
| 120|0x0000000787800000, 0x0000000787900000, 0x0000000787900000|100%| E|CS|TAMS 0x0000000787800000, 0x0000000787800000| Complete 
| 121|0x0000000787900000, 0x0000000787a00000, 0x0000000787a00000|100%| E|CS|TAMS 0x0000000787900000, 0x0000000787900000| Complete 
| 122|0x0000000787a00000, 0x0000000787b00000, 0x0000000787b00000|100%| E|CS|TAMS 0x0000000787a00000, 0x0000000787a00000| Complete 
| 123|0x0000000787b00000, 0x0000000787c00000, 0x0000000787c00000|100%| E|CS|TAMS 0x0000000787b00000, 0x0000000787b00000| Complete 
| 124|0x0000000787c00000, 0x0000000787d00000, 0x0000000787d00000|100%| E|CS|TAMS 0x0000000787c00000, 0x0000000787c00000| Complete 
| 125|0x0000000787d00000, 0x0000000787e00000, 0x0000000787e00000|100%| E|CS|TAMS 0x0000000787d00000, 0x0000000787d00000| Complete 
| 126|0x0000000787e00000, 0x0000000787f00000, 0x0000000787f00000|100%| E|CS|TAMS 0x0000000787e00000, 0x0000000787e00000| Complete 
| 127|0x0000000787f00000, 0x0000000788000000, 0x0000000788000000|100%| E|CS|TAMS 0x0000000787f00000, 0x0000000787f00000| Complete 
|1022|0x00000007bfe00000, 0x00000007bfe47000, 0x00000007bff00000| 27%|OA|  |TAMS 0x00000007bfe00000, 0x00000007bfe00000| Untracked 
|1023|0x00000007bff00000, 0x00000007bff77000, 0x00000007c0000000| 46%|CA|  |TAMS 0x00000007bff00000, 0x00000007bff00000| Untracked 

Card table byte_map: [0x0000000114c99000,0x0000000115099000] _byte_map_base: 0x0000000111099000

Marking Bits (Prev, Next): (CMBitMap*) 0x00007fb94801de18, (CMBitMap*) 0x00007fb94801de58
 Prev Bits: [0x0000000115499000, 0x0000000117499000)
 Next Bits: [0x0000000128071000, 0x000000012a071000)

Polling page: 0x0000000109ad4000

Metaspace:

Usage:
  Non-class:      5.06 MB capacity,     2.65 MB ( 52%) used,     2.40 MB ( 48%) free+waste,     7.62 KB ( <1%) overhead. 
      Class:    521.00 KB capacity,   242.70 KB ( 47%) used,   273.86 KB ( 53%) free+waste,     4.44 KB ( <1%) overhead. 
       Both:      5.57 MB capacity,     2.88 MB ( 52%) used,     2.67 MB ( 48%) free+waste,    12.06 KB ( <1%) overhead. 

Virtual space:
  Non-class space:        8.00 MB reserved,       5.25 MB ( 66%) committed 
      Class space:        1.00 GB reserved,     640.00 KB ( <1%) committed 
             Both:        1.01 GB reserved,       5.88 MB ( <1%) committed 

Chunk freelists:
   Non-Class:  12.00 KB
       Class:  19.00 KB
        Both:  31.00 KB

MaxMetaspaceSize: unlimited
CompressedClassSpaceSize: 1.00 GB

CodeHeap 'non-profiled nmethods': size=120032Kb used=265Kb max_used=265Kb free=119767Kb
 bounds [0x0000000120b39000, 0x0000000120da9000, 0x0000000128071000]
CodeHeap 'profiled nmethods': size=120028Kb used=1248Kb max_used=1248Kb free=118779Kb
 bounds [0x0000000119602000, 0x0000000119872000, 0x0000000120b39000]
CodeHeap 'non-nmethods': size=5700Kb used=1509Kb max_used=1524Kb free=4190Kb
 bounds [0x0000000119071000, 0x00000001192e1000, 0x0000000119602000]
 total_blobs=1794 nmethods=743 adapters=781
 compilation: enabled
              stopped_count=0, restarted_count=0
 full_count=0

Compilation events (20 events):
Event: 0.386 Thread 0x00007fb9480b3000  734       3       jdk.internal.misc.VM::isModuleSystemInited (13 bytes)
Event: 0.387 Thread 0x00007fb9480b3000 nmethod 734 0x0000000119737d90 code [0x0000000119737f40, 0x0000000119738130]
Event: 0.387 Thread 0x00007fb9480b3000  737       1       java.util.Formatter$Flags::valueOf (5 bytes)
Event: 0.387 Thread 0x00007fb9480b3000 nmethod 737 0x0000000120b79a10 code [0x0000000120b79ba0, 0x0000000120b79cd0]
Event: 0.391 Thread 0x00007fb946820000 nmethod 735 0x0000000120b79d10 code [0x0000000120b79ea0, 0x0000000120b7a138]
Event: 0.391 Thread 0x00007fb946820000  739  s!   4       jdk.internal.loader.URLClassPath::getLoader (194 bytes)
Event: 0.393 Thread 0x00007fb9480b3000  741       3       java.util.jar.Attributes::get (11 bytes)
Event: 0.393 Thread 0x00007fb9480b3000 nmethod 741 0x0000000119738210 code [0x00000001197383c0, 0x0000000119738608]
Event: 0.393 Thread 0x00007fb9480b3000  742       3       java.util.LinkedHashMap::get (33 bytes)
Event: 0.393 Thread 0x00007fb9480b3000 nmethod 742 0x0000000119738710 code [0x00000001197388e0, 0x0000000119738d28]
Event: 0.394 Thread 0x00007fb9480b3000  743       3       org.lwjgl.system.MemoryUtil::encodeASCII (66 bytes)
Event: 0.394 Thread 0x00007fb9480b3000 nmethod 743 0x0000000119738e90 code [0x0000000119739080, 0x0000000119739678]
Event: 0.394 Thread 0x00007fb9480b3000  744       1       org.lwjgl.system.Pointer$Default::address (5 bytes)
Event: 0.394 Thread 0x00007fb9480b3000 nmethod 744 0x0000000120b7a310 code [0x0000000120b7a4a0, 0x0000000120b7a5d0]
Event: 0.395 Thread 0x00007fb9480b3000  746       3       jdk.internal.loader.BuiltinClassLoader::loadClassOrNull (7 bytes)
Event: 0.395 Thread 0x00007fb9480b3000 nmethod 746 0x0000000119739890 code [0x0000000119739a40, 0x0000000119739c88]
Event: 0.396 Thread 0x00007fb9480b3000  748       3       java.util.jar.Attributes::getValue (9 bytes)
Event: 0.396 Thread 0x00007fb9480b3000 nmethod 748 0x0000000119739d10 code [0x0000000119739ec0, 0x000000011973a288]
Event: 0.396 Thread 0x00007fb946820000 nmethod 739 0x0000000120b7a690 code [0x0000000120b7a840, 0x0000000120b7b0c8]
Event: 0.396 Thread 0x00007fb946820000  747   !   4       jdk.internal.loader.URLClassPath$JarLoader::getResource (354 bytes)

GC Heap History (2 events):
Event: 0.266 GC heap before
{Heap before GC invocations=0 (full 0):
 garbage-first heap   total 133120K, used 24312K [0x0000000780000000, 0x0000000800000000)
  region size 1024K, 24 young (24576K), 0 survivors (0K)
 Metaspace       used 2340K, capacity 5152K, committed 5376K, reserved 1056768K
  class space    used 221K, capacity 488K, committed 512K, reserved 1048576K
}
Event: 0.273 GC heap after
{Heap after GC invocations=1 (full 0):
 garbage-first heap   total 133120K, used 2772K [0x0000000780000000, 0x0000000800000000)
  region size 1024K, 2 young (2048K), 2 survivors (2048K)
 Metaspace       used 2340K, capacity 5152K, committed 5376K, reserved 1056768K
  class space    used 221K, capacity 488K, committed 512K, reserved 1048576K
}

Deoptimization events (20 events):
Event: 0.093 Thread 0x00007fb949809000 DEOPT PACKING pc=0x0000000120b47328 sp=0x000070000dca5100
Event: 0.093 Thread 0x00007fb949809000 DEOPT UNPACKING pc=0x00000001190b9e25 sp=0x000070000dca5090 mode 2
Event: 0.126 Thread 0x00007fb949809000 DEOPT PACKING pc=0x00000001196748a2 sp=0x000070000dca4eb0
Event: 0.126 Thread 0x00007fb949809000 DEOPT UNPACKING pc=0x00000001190ba33a sp=0x000070000dca4338 mode 0
Event: 0.126 Thread 0x00007fb949809000 DEOPT PACKING pc=0x0000000119654210 sp=0x000070000dca4f20
Event: 0.126 Thread 0x00007fb949809000 DEOPT UNPACKING pc=0x00000001190ba33a sp=0x000070000dca4398 mode 0
Event: 0.135 Thread 0x00007fb949809000 DEOPT PACKING pc=0x00000001196508c5 sp=0x000070000dca4700
Event: 0.135 Thread 0x00007fb949809000 DEOPT UNPACKING pc=0x00000001190ba33a sp=0x000070000dca3b80 mode 0
Event: 0.151 Thread 0x00007fb949809000 Uncommon trap: trap_request=0xffffff45 fr.pc=0x0000000120b4fd40 relative=0x0000000000000300
Event: 0.151 Thread 0x00007fb949809000 Uncommon trap: reason=unstable_if action=reinterpret pc=0x0000000120b4fd40 method=java.util.jar.Manifest$FastInputStream.readLine([BII)I @ 48 c2
Event: 0.151 Thread 0x00007fb949809000 DEOPT PACKING pc=0x0000000120b4fd40 sp=0x000070000dca4f00
Event: 0.151 Thread 0x00007fb949809000 DEOPT UNPACKING pc=0x00000001190b9e25 sp=0x000070000dca4e98 mode 2
Event: 0.252 Thread 0x00007fb949809000 Uncommon trap: trap_request=0xffffff45 fr.pc=0x0000000120b4c1e8 relative=0x0000000000000068
Event: 0.252 Thread 0x00007fb949809000 Uncommon trap: reason=unstable_if action=reinterpret pc=0x0000000120b4c1e8 method=java.lang.String.isLatin1()Z @ 10 c2
Event: 0.252 Thread 0x00007fb949809000 DEOPT PACKING pc=0x0000000120b4c1e8 sp=0x000070000dca36b0
Event: 0.252 Thread 0x00007fb949809000 DEOPT UNPACKING pc=0x00000001190b9e25 sp=0x000070000dca3660 mode 2
Event: 0.253 Thread 0x00007fb949809000 Uncommon trap: trap_request=0xffffff45 fr.pc=0x0000000120b4e6c4 relative=0x0000000000000044
Event: 0.253 Thread 0x00007fb949809000 Uncommon trap: reason=unstable_if action=reinterpret pc=0x0000000120b4e6c4 method=java.lang.CharacterData.of(I)Ljava/lang/CharacterData; @ 4 c2
Event: 0.253 Thread 0x00007fb949809000 DEOPT PACKING pc=0x0000000120b4e6c4 sp=0x000070000dca31d0
Event: 0.253 Thread 0x00007fb949809000 DEOPT UNPACKING pc=0x00000001190b9e25 sp=0x000070000dca3190 mode 2

Classes unloaded (0 events):
No events

Classes redefined (0 events):
No events

Internal exceptions (6 events):
Event: 0.225 Thread 0x00007fb949809000 Exception <a 'java/lang/NoSuchMethodError'{0x0000000786b5b9a8}: 'void java.lang.invoke.DelegatingMethodHandle$Holder.delegate(java.lang.Object, java.lang.Object, int, java.lang.Object)'> (0x0000000786b5b9a8) 
thrown [/scratch/mesos/slaves/fcf4c0c4-d73e-4321-860c-6613427db92b-S986/frameworks/1735e8a2-a1db-478c-8104-60c8b0af87dd-0196/executors/b21c77cc-e78c-4fea-ada2-0248f8e62b78/runs/ce7c8681-9c38-4388-a432-d1e7d11d4690/workspace/open/src/hotspot/share/interpreter/linkResolver.cpp, line 767]
Event: 0.226 Thread 0x00007fb949809000 Exception <a 'java/lang/NoSuchMethodError'{0x0000000786b62460}: 'java.lang.Object java.lang.invoke.DirectMethodHandle$Holder.invokeStaticInit(java.lang.Object, java.lang.Object, java.lang.Object)'> (0x0000000786b62460) 
thrown [/scratch/mesos/slaves/fcf4c0c4-d73e-4321-860c-6613427db92b-S986/frameworks/1735e8a2-a1db-478c-8104-60c8b0af87dd-0196/executors/b21c77cc-e78c-4fea-ada2-0248f8e62b78/runs/ce7c8681-9c38-4388-a432-d1e7d11d4690/workspace/open/src/hotspot/share/interpreter/linkResolver.cpp, line 767]
Event: 0.241 Thread 0x00007fb949809000 Exception <a 'sun/nio/fs/UnixException'{0x0000000786a6f330}> (0x0000000786a6f330) 
thrown [/scratch/mesos/slaves/fcf4c0c4-d73e-4321-860c-6613427db92b-S986/frameworks/1735e8a2-a1db-478c-8104-60c8b0af87dd-0196/executors/b21c77cc-e78c-4fea-ada2-0248f8e62b78/runs/ce7c8681-9c38-4388-a432-d1e7d11d4690/workspace/open/src/hotspot/share/prims/jni.cpp, line 598]
Event: 0.287 Thread 0x00007fb949809000 Exception <a 'sun/nio/fs/UnixException'{0x0000000787b1bd50}> (0x0000000787b1bd50) 
thrown [/scratch/mesos/slaves/fcf4c0c4-d73e-4321-860c-6613427db92b-S986/frameworks/1735e8a2-a1db-478c-8104-60c8b0af87dd-0196/executors/b21c77cc-e78c-4fea-ada2-0248f8e62b78/runs/ce7c8681-9c38-4388-a432-d1e7d11d4690/workspace/open/src/hotspot/share/prims/jni.cpp, line 598]
Event: 0.302 Thread 0x00007fb949809000 Exception <a 'sun/nio/fs/UnixException'{0x00000007879e29b8}> (0x00000007879e29b8) 
thrown [/scratch/mesos/slaves/fcf4c0c4-d73e-4321-860c-6613427db92b-S986/frameworks/1735e8a2-a1db-478c-8104-60c8b0af87dd-0196/executors/b21c77cc-e78c-4fea-ada2-0248f8e62b78/runs/ce7c8681-9c38-4388-a432-d1e7d11d4690/workspace/open/src/hotspot/share/prims/jni.cpp, line 598]
Event: 0.387 Thread 0x00007fb949809000 Exception <a 'sun/nio/fs/UnixException'{0x000000078770e770}> (0x000000078770e770) 
thrown [/scratch/mesos/slaves/fcf4c0c4-d73e-4321-860c-6613427db92b-S986/frameworks/1735e8a2-a1db-478c-8104-60c8b0af87dd-0196/executors/b21c77cc-e78c-4fea-ada2-0248f8e62b78/runs/ce7c8681-9c38-4388-a432-d1e7d11d4690/workspace/open/src/hotspot/share/prims/jni.cpp, line 598]

Events (20 events):
Event: 0.297 loading class org/lwjgl/system/StructBuffer
Event: 0.297 loading class org/lwjgl/system/StructBuffer done
Event: 0.304 loading class jdk/internal/reflect/UnsafeQualifiedStaticIntegerFieldAccessorImpl
Event: 0.304 loading class jdk/internal/reflect/UnsafeQualifiedStaticIntegerFieldAccessorImpl done
Event: 0.306 loading class org/lwjgl/glfw/GLFW$Functions
Event: 0.306 loading class org/lwjgl/glfw/GLFW$Functions done
Event: 0.308 loading class org/lwjgl/system/JNI
Event: 0.308 loading class org/lwjgl/system/JNI done
Event: 0.383 loading class org/lwjgl/glfw/EventLoop$OffScreen
Event: 0.383 loading class org/lwjgl/glfw/EventLoop$OffScreen done
Event: 0.383 loading class org/lwjgl/glfw/EventLoop
Event: 0.383 loading class org/lwjgl/glfw/EventLoop done
Event: 0.383 loading class org/lwjgl/system/macosx/ObjCRuntime
Event: 0.383 loading class org/lwjgl/system/macosx/ObjCRuntime done
Event: 0.387 loading class org/lwjgl/system/dyncall/DynLoad
Event: 0.387 loading class org/lwjgl/system/dyncall/DynLoad done
Event: 0.392 loading class org/lwjgl/system/macosx/ObjCRuntime$Functions
Event: 0.392 loading class org/lwjgl/system/macosx/ObjCRuntime$Functions done
Event: 0.395 loading class org/lwjgl/system/macosx/CoreFoundation
Event: 0.395 loading class org/lwjgl/system/macosx/CoreFoundation done


Dynamic libraries:
0x00007fff7159d000 	/usr/lib/libz.1.dylib
0x0000000109a6b000 	/Library/Java/JavaVirtualMachines/jdk-13.jdk/Contents/Home/lib/libjli.dylib
0x00007fff37216000 	/System/Library/Frameworks/Cocoa.framework/Versions/A/Cocoa
0x00007fff449f3000 	/System/Library/Frameworks/Security.framework/Versions/A/Security
0x00007fff36180000 	/System/Library/Frameworks/ApplicationServices.framework/Versions/A/ApplicationServices
0x00007fff6f061000 	/usr/lib/libSystem.B.dylib
0x00007fff71e5d000 	/usr/lib/system/libcache.dylib
0x00007fff71e63000 	/usr/lib/system/libcommonCrypto.dylib
0x00007fff71e6f000 	/usr/lib/system/libcompiler_rt.dylib
0x00007fff71e77000 	/usr/lib/system/libcopyfile.dylib
0x00007fff71e81000 	/usr/lib/system/libcorecrypto.dylib
0x00007fff72020000 	/usr/lib/system/libdispatch.dylib
0x00007fff72061000 	/usr/lib/system/libdyld.dylib
0x00007fff72098000 	/usr/lib/system/libkeymgr.dylib
0x00007fff720a6000 	/usr/lib/system/liblaunch.dylib
0x00007fff720a7000 	/usr/lib/system/libmacho.dylib
0x00007fff720ad000 	/usr/lib/system/libquarantine.dylib
0x00007fff720b0000 	/usr/lib/system/libremovefile.dylib
0x00007fff720b2000 	/usr/lib/system/libsystem_asl.dylib
0x00007fff720ca000 	/usr/lib/system/libsystem_blocks.dylib
0x00007fff720cb000 	/usr/lib/system/libsystem_c.dylib
0x00007fff72153000 	/usr/lib/system/libsystem_configuration.dylib
0x00007fff72157000 	/usr/lib/system/libsystem_coreservices.dylib
0x00007fff7215b000 	/usr/lib/system/libsystem_darwin.dylib
0x00007fff72164000 	/usr/lib/system/libsystem_dnssd.dylib
0x00007fff7216c000 	/usr/lib/system/libsystem_featureflags.dylib
0x00007fff7216e000 	/usr/lib/system/libsystem_info.dylib
0x00007fff721e9000 	/usr/lib/system/libsystem_m.dylib
0x00007fff72231000 	/usr/lib/system/libsystem_malloc.dylib
0x00007fff72259000 	/usr/lib/system/libsystem_networkextension.dylib
0x00007fff72267000 	/usr/lib/system/libsystem_notify.dylib
0x00007fff72285000 	/usr/lib/system/libsystem_sandbox.dylib
0x00007fff7228a000 	/usr/lib/system/libsystem_secinit.dylib
0x00007fff721bc000 	/usr/lib/system/libsystem_kernel.dylib
0x00007fff72271000 	/usr/lib/system/libsystem_platform.dylib
0x00007fff7227a000 	/usr/lib/system/libsystem_pthread.dylib
0x00007fff7228d000 	/usr/lib/system/libsystem_symptoms.dylib
0x00007fff72295000 	/usr/lib/system/libsystem_trace.dylib
0x00007fff722ad000 	/usr/lib/system/libunwind.dylib
0x00007fff722b3000 	/usr/lib/system/libxpc.dylib
0x00007fff70ec1000 	/usr/lib/libobjc.A.dylib
0x00007fff6f39a000 	/usr/lib/libc++abi.dylib
0x00007fff6f347000 	/usr/lib/libc++.1.dylib
0x00007fff380b1000 	/System/Library/Frameworks/CoreFoundation.framework/Versions/A/CoreFoundation
0x00007fff3a767000 	/System/Library/Frameworks/Foundation.framework/Versions/C/Foundation
0x00007fff35371000 	/System/Library/Frameworks/AppKit.framework/Versions/C/AppKit
0x00007fff37b9a000 	/System/Library/Frameworks/CoreData.framework/Versions/A/CoreData
0x00007fff69082000 	/System/Library/PrivateFrameworks/UIFoundation.framework/Versions/A/UIFoundation
0x00007fff64130000 	/System/Library/PrivateFrameworks/RemoteViewServices.framework/Versions/A/RemoteViewServices
0x00007fff6bbd6000 	/System/Library/PrivateFrameworks/XCTTargetBootstrap.framework/Versions/A/XCTTargetBootstrap
0x00007fff37f85000 	/System/Library/Frameworks/CoreDisplay.framework/Versions/A/CoreDisplay
0x00007fff3d620000 	/System/Library/Frameworks/Metal.framework/Versions/A/Metal
0x00007fff52189000 	/System/Library/PrivateFrameworks/DesktopServicesPriv.framework/Versions/A/DesktopServicesPriv
0x00007fff7019e000 	/usr/lib/liblangid.dylib
0x00007fff51422000 	/System/Library/PrivateFrameworks/CoreSVG.framework/Versions/A/CoreSVG
0x00007fff67286000 	/System/Library/PrivateFrameworks/SkyLight.framework/Versions/A/SkyLight
0x00007fff38532000 	/System/Library/Frameworks/CoreGraphics.framework/Versions/A/CoreGraphics
0x00007fff33d45000 	/System/Library/Frameworks/Accelerate.framework/Versions/A/Accelerate
0x00007fff7148e000 	/usr/lib/libxml2.2.dylib
0x00007fff5d0e2000 	/System/Library/PrivateFrameworks/IconServices.framework/Versions/A/IconServices
0x00007fff3af46000 	/System/Library/Frameworks/IOSurface.framework/Versions/A/IOSurface
0x00007fff6eb8b000 	/usr/lib/libDiagnosticMessagesClient.dylib
0x00007fff51fe3000 	/System/Library/PrivateFrameworks/DFRFoundation.framework/Versions/A/DFRFoundation
0x00007fff6ff2d000 	/usr/lib/libicucore.A.dylib
0x00007fff364b2000 	/System/Library/Frameworks/AudioToolbox.framework/Versions/A/AudioToolbox
0x00007fff36595000 	/System/Library/Frameworks/AudioUnit.framework/Versions/A/AudioUnit
0x00007fff6f263000 	/usr/lib/libauto.dylib
0x00007fff52085000 	/System/Library/PrivateFrameworks/DataDetectorsCore.framework/Versions/A/DataDetectorsCore
0x00007fff36d37000 	/System/Library/Frameworks/Carbon.framework/Versions/A/Frameworks/HIToolbox.framework/Versions/A/HIToolbox
0x00007fff43bf0000 	/System/Library/Frameworks/QuartzCore.framework/Versions/A/QuartzCore
0x00007fff37076000 	/System/Library/Frameworks/Carbon.framework/Versions/A/Frameworks/SpeechRecognition.framework/Versions/A/SpeechRecognition
0x00007fff51afa000 	/System/Library/PrivateFrameworks/CoreUI.framework/Versions/A/CoreUI
0x00007fff37605000 	/System/Library/Frameworks/CoreAudio.framework/Versions/A/CoreAudio
0x00007fff3a42c000 	/System/Library/Frameworks/DiskArbitration.framework/Versions/A/DiskArbitration
0x00007fff5f12f000 	/System/Library/PrivateFrameworks/MultitouchSupport.framework/Versions/A/MultitouchSupport
0x00007fff6fdf4000 	/usr/lib/libenergytrace.dylib
0x00007fff3aea0000 	/System/Library/Frameworks/IOKit.framework/Versions/A/IOKit
0x00007fff39499000 	/System/Library/Frameworks/CoreServices.framework/Versions/A/CoreServices
0x00007fff612c6000 	/System/Library/PrivateFrameworks/PerformanceAnalysis.framework/Versions/A/PerformanceAnalysis
0x00007fff42c23000 	/System/Library/Frameworks/OpenGL.framework/Versions/A/OpenGL
0x00007fff37224000 	/System/Library/Frameworks/ColorSync.framework/Versions/A/ColorSync
0x00007fff38bb4000 	/System/Library/Frameworks/CoreImage.framework/Versions/A/CoreImage
0x00007fff39f0b000 	/System/Library/Frameworks/CoreText.framework/Versions/A/CoreText
0x00007fff3afd6000 	/System/Library/Frameworks/ImageIO.framework/Versions/A/ImageIO
0x00007fff6f3c3000 	/usr/lib/libcompression.dylib
0x00007fff6eecf000 	/usr/lib/libMobileGestalt.dylib
0x00007fff68dfb000 	/System/Library/PrivateFrameworks/TextureIO.framework/Versions/A/TextureIO
0x00007fff6f1c6000 	/usr/lib/libate.dylib
0x00007fff5d2eb000 	/System/Library/PrivateFrameworks/InternationalSupport.framework/Versions/A/InternationalSupport
0x00007fff701a0000 	/usr/lib/liblzma.5.dylib
0x00007fff6fe1b000 	/usr/lib/libfakelink.dylib
0x00007fff6f153000 	/usr/lib/libarchive.2.dylib
0x00007fff45aa3000 	/System/Library/Frameworks/SystemConfiguration.framework/Versions/A/SystemConfiguration
0x00007fff6eabe000 	/usr/lib/libCRFSuite.dylib
0x00007fff36928000 	/System/Library/Frameworks/CFNetwork.framework/Versions/A/CFNetwork
0x00007fff6f329000 	/usr/lib/libbsm.0.dylib
0x00007fff72099000 	/usr/lib/system/libkxld.dylib
0x00007fff4b9b8000 	/System/Library/PrivateFrameworks/AppleFSCompression.framework/Versions/A/AppleFSCompression
0x00007fff6f6b4000 	/usr/lib/libcoretls.dylib
0x00007fff6f6cb000 	/usr/lib/libcoretls_cfhelpers.dylib
0x00007fff70f07000 	/usr/lib/libpam.2.dylib
0x00007fff7103c000 	/usr/lib/libsqlite3.dylib
0x00007fff7147b000 	/usr/lib/libxar.1.dylib
0x00007fff6f33a000 	/usr/lib/libbz2.1.0.dylib
0x00007fff6fe3c000 	/usr/lib/libiconv.2.dylib
0x00007fff6f3b0000 	/usr/lib/libcharset.1.dylib
0x00007fff709a6000 	/usr/lib/libnetwork.dylib
0x00007fff70f0e000 	/usr/lib/libpcap.A.dylib
0x00007fff6f108000 	/usr/lib/libapple_nghttp2.dylib
0x00007fff39850000 	/System/Library/Frameworks/CoreServices.framework/Versions/A/Frameworks/FSEvents.framework/Versions/A/FSEvents
0x00007fff39520000 	/System/Library/Frameworks/CoreServices.framework/Versions/A/Frameworks/CarbonCore.framework/Versions/A/CarbonCore
0x00007fff39a93000 	/System/Library/Frameworks/CoreServices.framework/Versions/A/Frameworks/Metadata.framework/Versions/A/Metadata
0x00007fff39b2c000 	/System/Library/Frameworks/CoreServices.framework/Versions/A/Frameworks/OSServices.framework/Versions/A/OSServices
0x00007fff39b5a000 	/System/Library/Frameworks/CoreServices.framework/Versions/A/Frameworks/SearchKit.framework/Versions/A/SearchKit
0x00007fff3949a000 	/System/Library/Frameworks/CoreServices.framework/Versions/A/Frameworks/AE.framework/Versions/A/AE
0x00007fff39859000 	/System/Library/Frameworks/CoreServices.framework/Versions/A/Frameworks/LaunchServices.framework/Versions/A/LaunchServices
0x00007fff39802000 	/System/Library/Frameworks/CoreServices.framework/Versions/A/Frameworks/DictionaryServices.framework/Versions/A/DictionaryServices
0x00007fff39bc2000 	/System/Library/Frameworks/CoreServices.framework/Versions/A/Frameworks/SharedFileList.framework/Versions/A/SharedFileList
0x00007fff3ea43000 	/System/Library/Frameworks/NetFS.framework/Versions/A/NetFS
0x00007fff5f65e000 	/System/Library/PrivateFrameworks/NetAuth.framework/Versions/A/NetAuth
0x00007fff6bfa3000 	/System/Library/PrivateFrameworks/login.framework/Versions/A/Frameworks/loginsupport.framework/Versions/A/loginsupport
0x00007fff688c8000 	/System/Library/PrivateFrameworks/TCC.framework/Versions/A/TCC
0x00007fff50595000 	/System/Library/PrivateFrameworks/CoreNLP.framework/Versions/A/CoreNLP
0x00007fff5eb5d000 	/System/Library/PrivateFrameworks/MetadataUtilities.framework/Versions/A/MetadataUtilities
0x00007fff70278000 	/usr/lib/libmecabra.dylib
0x00007fff701d0000 	/usr/lib/libmecab.dylib
0x00007fff6fe2c000 	/usr/lib/libgermantok.dylib
0x00007fff6f0ef000 	/usr/lib/libThaiTokenizer.dylib
0x00007fff6eaf5000 	/usr/lib/libChineseTokenizer.dylib
0x00007fff33d5d000 	/System/Library/Frameworks/Accelerate.framework/Versions/A/Frameworks/vImage.framework/Versions/A/vImage
0x00007fff351c7000 	/System/Library/Frameworks/Accelerate.framework/Versions/A/Frameworks/vecLib.framework/Versions/A/vecLib
0x00007fff35104000 	/System/Library/Frameworks/Accelerate.framework/Versions/A/Frameworks/vecLib.framework/Versions/A/libvMisc.dylib
0x00007fff34f2c000 	/System/Library/Frameworks/Accelerate.framework/Versions/A/Frameworks/vecLib.framework/Versions/A/libvDSP.dylib
0x00007fff343b4000 	/System/Library/Frameworks/Accelerate.framework/Versions/A/Frameworks/vecLib.framework/Versions/A/libBLAS.dylib
0x00007fff34af0000 	/System/Library/Frameworks/Accelerate.framework/Versions/A/Frameworks/vecLib.framework/Versions/A/libLAPACK.dylib
0x00007fff34e8c000 	/System/Library/Frameworks/Accelerate.framework/Versions/A/Frameworks/vecLib.framework/Versions/A/libLinearAlgebra.dylib
0x00007fff34f19000 	/System/Library/Frameworks/Accelerate.framework/Versions/A/Frameworks/vecLib.framework/Versions/A/libSparseBLAS.dylib
0x00007fff34ea2000 	/System/Library/Frameworks/Accelerate.framework/Versions/A/Frameworks/vecLib.framework/Versions/A/libQuadrature.dylib
0x00007fff3461c000 	/System/Library/Frameworks/Accelerate.framework/Versions/A/Frameworks/vecLib.framework/Versions/A/libBNNS.dylib
0x00007fff34ea8000 	/System/Library/Frameworks/Accelerate.framework/Versions/A/Frameworks/vecLib.framework/Versions/A/libSparse.dylib
0x00007fff5d6d3000 	/System/Library/PrivateFrameworks/LanguageModeling.framework/Versions/A/LanguageModeling
0x00007fff4ff45000 	/System/Library/PrivateFrameworks/CoreEmoji.framework/Versions/A/CoreEmoji
0x00007fff5d7f1000 	/System/Library/PrivateFrameworks/LinguisticData.framework/Versions/A/LinguisticData
0x00007fff5d7a2000 	/System/Library/PrivateFrameworks/Lexicon.framework/Versions/A/Lexicon
0x00007fff6f3b1000 	/usr/lib/libcmph.dylib
0x00007fff41631000 	/System/Library/Frameworks/OpenDirectory.framework/Versions/A/Frameworks/CFOpenDirectory.framework/Versions/A/CFOpenDirectory
0x00007fff4164e000 	/System/Library/Frameworks/OpenDirectory.framework/Versions/A/OpenDirectory
0x00007fff49a6e000 	/System/Library/PrivateFrameworks/APFS.framework/Versions/A/APFS
0x00007fff44d3d000 	/System/Library/Frameworks/SecurityFoundation.framework/Versions/A/SecurityFoundation
0x00007fff71477000 	/usr/lib/libutil.dylib
0x00007fff5147a000 	/System/Library/PrivateFrameworks/CoreServicesStore.framework/Versions/A/CoreServicesStore
0x00007fff44df4000 	/System/Library/Frameworks/ServiceManagement.framework/Versions/A/ServiceManagement
0x00007fff4d186000 	/System/Library/PrivateFrameworks/BackgroundTaskManagement.framework/Versions/A/BackgroundTaskManagement
0x00007fff71574000 	/usr/lib/libxslt.1.dylib
0x00007fff4c02a000 	/System/Library/PrivateFrameworks/AppleSystemInfo.framework/Versions/A/AppleSystemInfo
0x00007fff3b1f1000 	/System/Library/Frameworks/ImageIO.framework/Versions/A/Resources/libJPEG.dylib
0x00007fff3b4ad000 	/System/Library/Frameworks/ImageIO.framework/Versions/A/Resources/libTIFF.dylib
0x00007fff3b490000 	/System/Library/Frameworks/ImageIO.framework/Versions/A/Resources/libPng.dylib
0x00007fff3b133000 	/System/Library/Frameworks/ImageIO.framework/Versions/A/Resources/libGIF.dylib
0x00007fff3b137000 	/System/Library/Frameworks/ImageIO.framework/Versions/A/Resources/libJP2.dylib
0x00007fff3b4ab000 	/System/Library/Frameworks/ImageIO.framework/Versions/A/Resources/libRadiance.dylib
0x00007fff6fdf5000 	/usr/lib/libexpat.1.dylib
0x00007fff4bb13000 	/System/Library/PrivateFrameworks/AppleJPEG.framework/Versions/A/AppleJPEG
0x00007fff54755000 	/System/Library/PrivateFrameworks/FontServices.framework/libFontParser.dylib
0x00007fff6afa9000 	/System/Library/PrivateFrameworks/WatchdogClient.framework/Versions/A/WatchdogClient
0x00007fff5cd2f000 	/System/Library/PrivateFrameworks/IOAccelerator.framework/Versions/A/IOAccelerator
0x00007fff3d9bb000 	/System/Library/Frameworks/MetalPerformanceShaders.framework/Versions/A/MetalPerformanceShaders
0x00007fff594c8000 	/System/Library/PrivateFrameworks/GPUWrangler.framework/Versions/A/GPUWrangler
0x00007fff5cd44000 	/System/Library/PrivateFrameworks/IOPresentment.framework/Versions/A/IOPresentment
0x00007fff51ff6000 	/System/Library/PrivateFrameworks/DSExternalDisplay.framework/Versions/A/DSExternalDisplay
0x00007fff41fc2000 	/System/Library/Frameworks/OpenGL.framework/Versions/A/Libraries/libCoreFSCache.dylib
0x00007fff3d707000 	/System/Library/Frameworks/MetalPerformanceShaders.framework/Frameworks/MPSCore.framework/Versions/A/MPSCore
0x00007fff3d745000 	/System/Library/Frameworks/MetalPerformanceShaders.framework/Frameworks/MPSImage.framework/Versions/A/MPSImage
0x00007fff3d80c000 	/System/Library/Frameworks/MetalPerformanceShaders.framework/Frameworks/MPSNeuralNetwork.framework/Versions/A/MPSNeuralNetwork
0x00007fff3d7d0000 	/System/Library/Frameworks/MetalPerformanceShaders.framework/Frameworks/MPSMatrix.framework/Versions/A/MPSMatrix
0x00007fff3d96b000 	/System/Library/Frameworks/MetalPerformanceShaders.framework/Frameworks/MPSRayIntersector.framework/Versions/A/MPSRayIntersector
0x00007fff3d7f6000 	/System/Library/Frameworks/MetalPerformanceShaders.framework/Frameworks/MPSNDArray.framework/Versions/A/MPSNDArray
0x00007fff5ebaa000 	/System/Library/PrivateFrameworks/MetalTools.framework/Versions/A/MetalTools
0x00007fff4ac40000 	/System/Library/PrivateFrameworks/AggregateDictionary.framework/Versions/A/AggregateDictionary
0x00007fff4f99f000 	/System/Library/PrivateFrameworks/CoreAnalytics.framework/Versions/A/CoreAnalytics
0x00007fff4bf49000 	/System/Library/PrivateFrameworks/AppleSauce.framework/Versions/A/AppleSauce
0x00007fff6edb1000 	/usr/lib/libIOReport.dylib
0x00007fff3a0c3000 	/System/Library/Frameworks/CoreVideo.framework/Versions/A/CoreVideo
0x00007fff5a942000 	/System/Library/PrivateFrameworks/GraphVisualizer.framework/Versions/A/GraphVisualizer
0x00007fff53ca9000 	/System/Library/PrivateFrameworks/FaceCore.framework/Versions/A/FaceCore
0x00007fff415d8000 	/System/Library/Frameworks/OpenCL.framework/Versions/A/OpenCL
0x00007fff6ebd3000 	/usr/lib/libFosl_dynamic.dylib
0x00007fff60073000 	/System/Library/PrivateFrameworks/OTSVG.framework/Versions/A/OTSVG
0x00007fff36285000 	/System/Library/Frameworks/ApplicationServices.framework/Versions/A/Frameworks/ATS.framework/Versions/A/Resources/libFontRegistry.dylib
0x00007fff54926000 	/System/Library/PrivateFrameworks/FontServices.framework/libhvf.dylib
0x00007fff41fcd000 	/System/Library/Frameworks/OpenGL.framework/Versions/A/Libraries/libGFXShared.dylib
0x00007fff421ab000 	/System/Library/Frameworks/OpenGL.framework/Versions/A/Libraries/libGLU.dylib
0x00007fff41fd6000 	/System/Library/Frameworks/OpenGL.framework/Versions/A/Libraries/libGL.dylib
0x00007fff41fe1000 	/System/Library/Frameworks/OpenGL.framework/Versions/A/Libraries/libGLImage.dylib
0x00007fff41fbf000 	/System/Library/Frameworks/OpenGL.framework/Versions/A/Libraries/libCVMSPluginSupport.dylib
0x00007fff41fc8000 	/System/Library/Frameworks/OpenGL.framework/Versions/A/Libraries/libCoreVMClient.dylib
0x00007fff70847000 	/usr/lib/libncurses.5.4.dylib
0x00007fff36181000 	/System/Library/Frameworks/ApplicationServices.framework/Versions/A/Frameworks/ATS.framework/Versions/A/ATS
0x00007fff3634e000 	/System/Library/Frameworks/ApplicationServices.framework/Versions/A/Frameworks/ColorSyncLegacy.framework/Versions/A/ColorSyncLegacy
0x00007fff363ec000 	/System/Library/Frameworks/ApplicationServices.framework/Versions/A/Frameworks/HIServices.framework/Versions/A/HIServices
0x00007fff36444000 	/System/Library/Frameworks/ApplicationServices.framework/Versions/A/Frameworks/LangAnalysis.framework/Versions/A/LangAnalysis
0x00007fff36453000 	/System/Library/Frameworks/ApplicationServices.framework/Versions/A/Frameworks/PrintCore.framework/Versions/A/PrintCore
0x00007fff36499000 	/System/Library/Frameworks/ApplicationServices.framework/Versions/A/Frameworks/QD.framework/Versions/A/QD
0x00007fff364a4000 	/System/Library/Frameworks/ApplicationServices.framework/Versions/A/Frameworks/SpeechSynthesis.framework/Versions/A/SpeechSynthesis
0x00007fff3631e000 	/System/Library/Frameworks/ApplicationServices.framework/Versions/A/Frameworks/ATSUI.framework/Versions/A/ATSUI
0x00007fff6fc89000 	/usr/lib/libcups.2.dylib
0x00007fff3ca58000 	/System/Library/Frameworks/Kerberos.framework/Versions/A/Kerberos
0x00007fff3ab99000 	/System/Library/Frameworks/GSS.framework/Versions/A/GSS
0x00007fff70fc8000 	/usr/lib/libresolv.9.dylib
0x00007fff5aaf0000 	/System/Library/PrivateFrameworks/Heimdal.framework/Versions/A/Heimdal
0x00007fff3ca6b000 	/System/Library/Frameworks/Kerberos.framework/Versions/A/Libraries/libHeimdalProxy.dylib
0x00007fff6fe32000 	/usr/lib/libheimdal-asn1.dylib
0x00007fff4ee38000 	/System/Library/PrivateFrameworks/CommonAuth.framework/Versions/A/CommonAuth
0x00007fff4c0c7000 	/System/Library/PrivateFrameworks/AssertionServices.framework/Versions/A/AssertionServices
0x00007fff4cc69000 	/System/Library/PrivateFrameworks/AudioToolboxCore.framework/Versions/A/AudioToolboxCore
0x00007fff6bc53000 	/System/Library/PrivateFrameworks/caulk.framework/Versions/A/caulk
0x00007fff4d232000 	/System/Library/PrivateFrameworks/BaseBoard.framework/Versions/A/BaseBoard
0x00007fff642be000 	/System/Library/PrivateFrameworks/RunningBoardServices.framework/Versions/A/RunningBoardServices
0x00007fff612d2000 	/System/Library/PrivateFrameworks/PersistentConnection.framework/Versions/A/PersistentConnection
0x00007fff63cb8000 	/System/Library/PrivateFrameworks/ProtocolBuffer.framework/Versions/A/ProtocolBuffer
0x00007fff4ee5c000 	/System/Library/PrivateFrameworks/CommonUtilities.framework/Versions/A/CommonUtilities
0x00007fff4d3c0000 	/System/Library/PrivateFrameworks/Bom.framework/Versions/A/Bom
0x00007fff6ea84000 	/usr/lib/libAudioToolboxUtility.dylib
0x00007fff4d190000 	/System/Library/PrivateFrameworks/Backup.framework/Versions/A/Backup
0x00007fff51f17000 	/System/Library/PrivateFrameworks/CrashReporterSupport.framework/Versions/A/CrashReporterSupport
0x00007fff65d4c000 	/System/Library/PrivateFrameworks/Sharing.framework/Versions/A/Sharing
0x00007fff4b6d6000 	/System/Library/PrivateFrameworks/Apple80211.framework/Versions/A/Apple80211
0x00007fff4cead000 	/System/Library/PrivateFrameworks/AuthKit.framework/Versions/A/AuthKit
0x00007fff51c27000 	/System/Library/PrivateFrameworks/CoreUtils.framework/Versions/A/CoreUtils
0x00007fff3a108000 	/System/Library/Frameworks/CoreWLAN.framework/Versions/A/CoreWLAN
0x00007fff3ad26000 	/System/Library/Frameworks/IOBluetooth.framework/Versions/A/IOBluetooth
0x00007fff5eeae000 	/System/Library/PrivateFrameworks/MobileKeyBag.framework/Versions/A/MobileKeyBag
0x00007fff50a2d000 	/System/Library/PrivateFrameworks/CorePhoneNumbers.framework/Versions/A/CorePhoneNumbers
0x00007fff4bac6000 	/System/Library/PrivateFrameworks/AppleIDAuthSupport.framework/Versions/A/AppleIDAuthSupport
0x00007fff3ea50000 	/System/Library/Frameworks/Network.framework/Versions/A/Network
0x00007fff5d57f000 	/System/Library/PrivateFrameworks/KeychainCircle.framework/Versions/A/KeychainCircle
0x00007fff37b61000 	/System/Library/Frameworks/CoreBluetooth.framework/Versions/A/CoreBluetooth
0x00007fff67dc9000 	/System/Library/PrivateFrameworks/SpeechRecognitionCore.framework/Versions/A/SpeechRecognitionCore
0x00007fff2b102000 	/System/Library/CoreServices/Encodings/libLatin2Converter.dylib
0x000000010ac00000 	/Library/Java/JavaVirtualMachines/jdk-13.jdk/Contents/Home/lib/server/libjvm.dylib
0x0000000109a8c000 	/Library/Java/JavaVirtualMachines/jdk-13.jdk/Contents/Home/lib/libverify.dylib
0x0000000109a98000 	/Library/Java/JavaVirtualMachines/jdk-13.jdk/Contents/Home/lib/libjava.dylib
0x0000000109ad6000 	/Library/Java/JavaVirtualMachines/jdk-13.jdk/Contents/Home/lib/libinstrument.dylib
0x0000000109b59000 	/Library/Java/JavaVirtualMachines/jdk-13.jdk/Contents/Home/lib/libzip.dylib
0x0000000109b60000 	/Library/Java/JavaVirtualMachines/jdk-13.jdk/Contents/Home/lib/libjimage.dylib
0x0000000118662000 	/Library/Java/JavaVirtualMachines/jdk-13.jdk/Contents/Home/lib/libnio.dylib
0x0000000118670000 	/Library/Java/JavaVirtualMachines/jdk-13.jdk/Contents/Home/lib/libnet.dylib
0x0000000109bfb000 	/Library/Java/JavaVirtualMachines/jdk-13.jdk/Contents/Home/lib/libextnet.dylib
0x00000001187ca000 	/private/var/folders/x7/6cnmgttd4ln2_770n1dsdq040000gn/T/lwjglkrokiet/3.2.3-build-13/liblwjgl.dylib
0x0000000118949000 	/private/var/folders/x7/6cnmgttd4ln2_770n1dsdq040000gn/T/lwjglkrokiet/3.2.3-build-13/libjemalloc.dylib
0x0000000118825000 	/private/var/folders/x7/6cnmgttd4ln2_770n1dsdq040000gn/T/lwjglkrokiet/3.2.3-build-13/libglfw.dylib
0x00007fff51446000 	/System/Library/PrivateFrameworks/CoreServicesInternal.framework/Versions/A/CoreServicesInternal
0x00007fff3a624000 	/System/Library/Frameworks/FileProvider.framework/Versions/A/FileProvider
0x00007fff351c8000 	/System/Library/Frameworks/Accounts.framework/Versions/A/Accounts
0x00007fff597ed000 	/System/Library/PrivateFrameworks/GenerationalStorage.framework/Versions/A/GenerationalStorage
0x00007fff519cc000 	/System/Library/PrivateFrameworks/CoreSymbolication.framework/Versions/A/CoreSymbolication
0x00007fff68609000 	/System/Library/PrivateFrameworks/SymptomDiagnosticReporter.framework/Versions/A/SymptomDiagnosticReporter
0x00007fff4b1db000 	/System/Library/PrivateFrameworks/AppContainer.framework/Versions/A/AppContainer
0x00007fff70fe2000 	/usr/lib/libsandbox.1.dylib
0x00007fff69f4d000 	/System/Library/PrivateFrameworks/UserManagement.framework/Versions/A/UserManagement
0x00007fff4df78000 	/System/Library/PrivateFrameworks/ChunkingLibrary.framework/Versions/A/ChunkingLibrary
0x00007fff5214b000 	/System/Library/PrivateFrameworks/DebugSymbols.framework/Versions/A/DebugSymbols
0x00007fff4b24d000 	/System/Library/PrivateFrameworks/AppSandbox.framework/Versions/A/AppSandbox
0x00007fff65bd6000 	/System/Library/PrivateFrameworks/SecCodeWrapper.framework/Versions/A/SecCodeWrapper
0x00007fff6ee99000 	/usr/lib/libMatch.1.dylib
0x00000001187f7000 	/usr/lib/libobjc-trampolines.dylib
0x00007fff33d46000 	/System/Library/Frameworks/Accelerate.framework/Versions/A/Frameworks/vImage.framework/Versions/A/Libraries/libCGInterfaces.dylib
0x00007fff6bfa6000 	/System/Library/PrivateFrameworks/login.framework/Versions/A/login
0x00007fff5488d000 	/System/Library/PrivateFrameworks/FontServices.framework/libTrueTypeScaler.dylib
0x00007fff30abf000 	/System/Library/Extensions/AppleIntelKBLGraphicsMTLDriver.bundle/Contents/MacOS/AppleIntelKBLGraphicsMTLDriver


VM Arguments:
jvm_args: -javaagent:/Applications/IntelliJ IDEA CE.app/Contents/lib/idea_rt.jar=50916:/Applications/IntelliJ IDEA CE.app/Contents/bin -Dfile.encoding=UTF-8 
java_command: HelloWorld
java_class_path (initial): /Users/krokiet/IdeaProjects/Git/aprocraft/out/production/APROCraft:/Users/krokiet/IdeaProjects/Git/aprocraft/lib/joml-1.9.24.jar:/Users/krokiet/IdeaProjects/Git/aprocraft/lib/lwjgl-assimp-natives-linux.jar:/Users/krokiet/IdeaProjects/Git/aprocraft/lib/lwjgl-assimp-natives-macos.jar:/Users/krokiet/IdeaProjects/Git/aprocraft/lib/lwjgl-assimp-natives-windows.jar:/Users/krokiet/IdeaProjects/Git/aprocraft/lib/lwjgl-assimp.jar:/Users/krokiet/IdeaProjects/Git/aprocraft/lib/lwjgl-bgfx-natives-linux.jar:/Users/krokiet/IdeaProjects/Git/aprocraft/lib/lwjgl-bgfx-natives-macos.jar:/Users/krokiet/IdeaProjects/Git/aprocraft/lib/lwjgl-bgfx-natives-windows.jar:/Users/krokiet/IdeaProjects/Git/aprocraft/lib/lwjgl-bgfx.jar:/Users/krokiet/IdeaProjects/Git/aprocraft/lib/lwjgl-cuda.jar:/Users/krokiet/IdeaProjects/Git/aprocraft/lib/lwjgl-egl.jar:/Users/krokiet/IdeaProjects/Git/aprocraft/lib/lwjgl-glfw-natives-linux.jar:/Users/krokiet/IdeaProjects/Git/aprocraft/lib/lwjgl-glfw-natives-macos.jar:/Users/krokiet/IdeaProjects/Git/aprocraft/lib/lwjgl-glfw-natives-windows.jar:/Users/krokiet/IdeaProjects/Git/aprocraft/lib/lwjgl-glfw.jar:/Users/krokiet/IdeaProjects/Git/aprocraft/lib/lwjgl-jawt.jar:/Users/krokiet/IdeaProjects/Git/aprocraft/lib/lwjgl-jemalloc-natives-linux.jar:/Users/krokiet/IdeaProjects/Git/aprocraft/lib/lwjgl-jemalloc-natives-macos.jar:/Users/krokiet/IdeaProjects/Git/aprocraft/lib/lwjgl-jemalloc-natives-windows.jar:/Users/krokiet/IdeaProjects/Git/aprocraft/lib/lwjgl-jemalloc.jar:/Users/krokiet/IdeaProjects/Git/aprocraft/lib/lwjgl-libdivide-natives-linux.jar:/Users/krokiet/IdeaProjects/Git/aprocraft/lib/lwjgl-libdivide-natives-macos.jar:/Users/krokiet/IdeaProjects/Git/aprocraft/lib/lwjgl-libdivide-natives-windows.jar:/Users/krokiet/IdeaProjects/Git/aprocraft/lib/lwjgl-libdivide.jar:/Users/krokiet/IdeaProjects/Git/aprocraft/lib/lwjgl-llvm-natives-linux.jar:/Users/krokiet/IdeaProjects/Git/aprocraft/lib/lwjgl-llvm-natives-macos.jar:/Users/krokiet/IdeaProject
Launcher Type: SUN_STANDARD

[Global flags]
     intx CICompilerCount                          = 4                                         {product} {ergonomic}
     uint ConcGCThreads                            = 2                                         {product} {ergonomic}
     uint G1ConcRefinementThreads                  = 8                                         {product} {ergonomic}
   size_t G1HeapRegionSize                         = 1048576                                   {product} {ergonomic}
    uintx GCDrainStackTargetSize                   = 64                                        {product} {ergonomic}
   size_t InitialHeapSize                          = 134217728                                 {product} {ergonomic}
   size_t MarkStackSize                            = 4194304                                   {product} {ergonomic}
   size_t MaxHeapSize                              = 2147483648                                {product} {ergonomic}
   size_t MaxNewSize                               = 1287651328                                {product} {ergonomic}
   size_t MinHeapDeltaBytes                        = 1048576                                   {product} {ergonomic}
   size_t MinHeapSize                              = 8388608                                   {product} {ergonomic}
    uintx NonNMethodCodeHeapSize                   = 5836300                                {pd product} {ergonomic}
    uintx NonProfiledCodeHeapSize                  = 122910970                              {pd product} {ergonomic}
    uintx ProfiledCodeHeapSize                     = 122910970                              {pd product} {ergonomic}
    uintx ReservedCodeCacheSize                    = 251658240                              {pd product} {ergonomic}
     bool SegmentedCodeCache                       = true                                      {product} {ergonomic}
   size_t SoftMaxHeapSize                          = 2147483648                             {manageable} {ergonomic}
     bool UseCompressedClassPointers               = true                                 {lp64_product} {ergonomic}
     bool UseCompressedOops                        = true                                 {lp64_product} {ergonomic}
     bool UseG1GC                                  = true                                      {product} {ergonomic}

Logging:
Log output configuration:
 #0: stdout all=warning uptime,level,tags
 #1: stderr all=off uptime,level,tags

Environment Variables:
PATH=/Library/Frameworks/Python.framework/Versions/3.8/bin:/usr/local/bin:/usr/bin:/bin:/usr/sbin:/sbin:/Library/TeX/texbin:/usr/local/share/dotnet:/opt/X11/bin:~/.dotnet/tools
SHELL=/bin/zsh
DISPLAY=/private/tmp/com.apple.launchd.Kf4Q0c2qsw/org.macosforge.xquartz:0

Signal Handlers:
SIGSEGV: [libjvm.dylib+0x781750], sa_mask[0]=11111111011111110111111111111111, sa_flags=SA_ONSTACK|SA_RESTART|SA_SIGINFO
SIGBUS: [libjvm.dylib+0x781750], sa_mask[0]=11111111011111110111111111111111, sa_flags=SA_RESTART|SA_SIGINFO
SIGFPE: [libjvm.dylib+0x781750], sa_mask[0]=11111111011111110111111111111111, sa_flags=SA_RESTART|SA_SIGINFO
SIGPIPE: [libjvm.dylib+0x62815d], sa_mask[0]=11111111011111110111111111111111, sa_flags=SA_RESTART|SA_SIGINFO
SIGXFSZ: [libjvm.dylib+0x62815d], sa_mask[0]=11111111011111110111111111111111, sa_flags=SA_RESTART|SA_SIGINFO
SIGILL: [libjvm.dylib+0x781750], sa_mask[0]=11111111011111110111111111111111, sa_flags=SA_RESTART|SA_SIGINFO
SIGUSR2: [libjvm.dylib+0x628747], sa_mask[0]=00100000000000000000000000000000, sa_flags=SA_RESTART|SA_SIGINFO
SIGHUP: [libjvm.dylib+0x627735], sa_mask[0]=11111111011111110111111111111111, sa_flags=SA_RESTART|SA_SIGINFO
SIGINT: [libjvm.dylib+0x627735], sa_mask[0]=11111111011111110111111111111111, sa_flags=SA_RESTART|SA_SIGINFO
SIGTERM: [libjvm.dylib+0x627735], sa_mask[0]=11111111011111110111111111111111, sa_flags=SA_RESTART|SA_SIGINFO
SIGQUIT: [libjvm.dylib+0x627735], sa_mask[0]=11111111011111110111111111111111, sa_flags=SA_RESTART|SA_SIGINFO


---------------  S Y S T E M  ---------------

OS:uname:Darwin 19.4.0 Darwin Kernel Version 19.4.0: Wed Mar  4 22:28:40 PST 2020; root:xnu-6153.101.6~15/RELEASE_X86_64 x86_64
rlimit: STACK 8192k, CORE 0k, NPROC 1392, NOFILE 10240, AS infinity, DATA infinity, FSIZE infinity
load average:2.12 2.21 2.30

CPU:total 8 (initial active 8) (4 cores per cpu, 2 threads per core) family 6 model 142 stepping 10, cmov, cx8, fxsr, mmx, sse, sse2, sse3, ssse3, sse4.1, sse4.2, popcnt, avx, avx2, aes, clmul, erms, 3dnowpref, lzcnt, ht, tsc, tscinvbit, bmi1, bmi2, adx, fma

Memory: 4k page, physical 8388608k(25520k free), swap 2097152k(1481216k free)

vm_info: Java HotSpot(TM) 64-Bit Server VM (13+33) for bsd-amd64 JRE (13+33), built on Sep 18 2019 20:37:30 by "mach5one" with clang 4.2.1 Compatible Apple LLVM 10.0.0 (clang-1000.11.45.5)

END.
